{"level":"info","caller":"implementation/main.go:32","time":"2024-08-06T19:08:50-03:00","message":"Hello World!"}
{"level":"info","caller":"implementation/main.go:33","time":"2024-08-06T19:08:50-03:00","message":"Environment: dev"}
{"level":"info","config":null,"caller":"builder/config.go:27","time":"2024-08-06T19:27:01-03:00","message":"Loaded config"}
{"level":"info","caller":"implementation/main.go:32","time":"2024-08-06T19:27:01-03:00","message":"Hello World!"}
{"level":"info","caller":"implementation/main.go:33","time":"2024-08-06T19:27:01-03:00","message":"Environment: dev"}
{"level":"info","config":null,"caller":"builder/config.go:27","time":"2024-08-06T19:27:42-03:00","message":"Loaded config"}
{"level":"info","caller":"implementation/main.go:32","time":"2024-08-06T19:27:42-03:00","message":"Hello World!"}
{"level":"info","caller":"implementation/main.go:33","time":"2024-08-06T19:27:42-03:00","message":"Environment: dev"}
{"level":"info","caller":"implementation/main.go:32","time":"2024-08-06T19:30:31-03:00","message":"Hello World!"}
{"level":"info","caller":"implementation/main.go:33","time":"2024-08-06T19:30:31-03:00","message":"Environment: dev"}
{"level":"debug","caller":"builder/config.go:15","time":"2024-08-06T19:30:54-03:00","message":"Loading config"}
{"level":"info","caller":"implementation/main.go:32","time":"2024-08-06T19:30:54-03:00","message":"Hello World!"}
{"level":"info","caller":"implementation/main.go:33","time":"2024-08-06T19:30:54-03:00","message":"Environment: dev"}
{"level":"debug","caller":"builder/config.go:15","time":"2024-08-06T19:31:17-03:00","message":"Loading config"}
{"level":"fatal","error":"error reading config file: open config.yaml: no such file or directory","caller":"builder/builder.go:26","time":"2024-08-06T19:31:17-03:00","message":"Error loading config"}
{"level":"debug","caller":"builder/config.go:15","time":"2024-08-06T19:31:34-03:00","message":"Loading config"}
{"level":"info","config":{"appEnv":"prod","firebaseSecret":"your-firebase-secret","logLevel":"debug"},"caller":"builder/config.go:27","time":"2024-08-06T19:31:34-03:00","message":"Loaded config"}
{"level":"info","caller":"implementation/main.go:32","time":"2024-08-06T19:31:34-03:00","message":"Hello World!"}
{"level":"info","caller":"implementation/main.go:33","time":"2024-08-06T19:31:34-03:00","message":"Environment: dev"}
{"level":"debug","caller":"builder/config.go:15","time":"2024-08-06T19:33:00-03:00","message":"Loading config"}
{"level":"info","config":"marshaling error: json: unsupported type: map[interface {}]interface {}","caller":"builder/config.go:27","time":"2024-08-06T19:33:00-03:00","message":"Loaded config"}
{"level":"info","caller":"implementation/main.go:32","time":"2024-08-06T19:33:00-03:00","message":"Hello World!"}
{"level":"info","caller":"implementation/main.go:33","time":"2024-08-06T19:33:00-03:00","message":"Environment: dev"}
